<?xml version="1.0" encoding="UTF-8"?>
<!-- Generated by org.testng.reporters.JUnitReportReporter -->
<testsuite hostname="DESKTOP-9L3L5HQ" failures="0" tests="2" name="api.test.AccountUserTest" time="11.546" errors="0" timestamp="2025-07-24T07:23:09 EEST" skipped="0">
  <testcase classname="api.test.AccountUserTest" name="testCreateAndDeleteUser" time="3.623"/>
  <testcase classname="api.test.AccountUserTest" name="testCreateAndDeleteUser" time="7.923"/>
</testsuite> <!-- api.test.AccountUserTest -->
