<?xml version="1.0" encoding="UTF-8"?>
<!-- Generated by org.testng.reporters.JUnitReportReporter -->
<testsuite hostname="DESKTOP-9L3L5HQ" failures="0" tests="2" name="com.bookstore.api.test.AccountUserTest" time="12.072" errors="0" timestamp="2025-07-24T23:19:39 EEST" skipped="0">
  <testcase classname="com.bookstore.api.test.AccountUserTest" name="testCreateAndDeleteUser" time="8.502"/>
  <testcase classname="com.bookstore.api.test.AccountUserTest" name="testCreateAndDeleteUser" time="3.570"/>
</testsuite> <!-- com.bookstore.api.test.AccountUserTest -->
