<?xml version="1.0" encoding="UTF-8"?>
<!-- Generated by org.testng.reporters.JUnitReportReporter -->
<testsuite hostname="DESKTOP-9L3L5HQ" failures="0" tests="2" name="com.bookstore.ui.test.LoginTest" time="19.173" errors="0" timestamp="2025-07-24T23:31:49 EEST" skipped="0">
  <testcase classname="com.bookstore.ui.test.LoginTest" name="loginTest" time="7.732"/>
  <testcase classname="com.bookstore.ui.test.LoginTest" name="loginTest" time="11.441"/>
</testsuite> <!-- com.bookstore.ui.test.LoginTest -->
